Analysis & Synthesis report for Wave_Generator
Tue Sep 16 11:11:09 2025
Quartus Prime Version 24.1std.0 Build 1077 03/04/2025 SC Lite Edition


---------------------
; Table of Contents ;
---------------------
  1. Legal Notice
  2. Analysis & Synthesis Summary
  3. Analysis & Synthesis Settings
  4. Parallel Compilation
  5. Analysis & Synthesis Source Files Read
  6. Analysis & Synthesis Resource Usage Summary
  7. Analysis & Synthesis Resource Utilization by Entity
  8. Analysis & Synthesis RAM Summary
  9. General Register Statistics
 10. Registers Packed Into Inferred Megafunctions
 11. Source assignments for full_sine_lut:full1|sin_lut:lut1|altsyncram:rom_rtl_0|altsyncram_qtd1:auto_generated
 12. Parameter Settings for Inferred Entity Instance: full_sine_lut:full1|sin_lut:lut1|altsyncram:rom_rtl_0
 13. altsyncram Parameter Settings by Entity Instance
 14. Port Connectivity Checks: "phase_accumulator:phase1"
 15. Port Connectivity Checks: "full_sine_lut:full1"
 16. Post-Synthesis Netlist Statistics for Top Partition
 17. Elapsed Time Per Partition
 18. Analysis & Synthesis Messages



----------------
; Legal Notice ;
----------------
Copyright (C) 2025  Altera Corporation. All rights reserved.
Your use of Altera Corporation's design tools, logic functions 
and other software and tools, and any partner logic 
functions, and any output files from any of the foregoing 
(including device programming or simulation files), and any 
associated documentation or information are expressly subject 
to the terms and conditions of the Altera Program License 
Subscription Agreement, the Altera Quartus Prime License Agreement,
the Altera IP License Agreement, or other applicable license
agreement, including, without limitation, that your use is for
the sole purpose of programming logic devices manufactured by
Altera and sold by Altera or its authorized distributors.  Please
refer to the Altera Software License Subscription Agreements 
on the Quartus Prime software download page.



+-----------------------------------------------------------------------------------+
; Analysis & Synthesis Summary                                                      ;
+---------------------------------+-------------------------------------------------+
; Analysis & Synthesis Status     ; Successful - Tue Sep 16 11:11:09 2025           ;
; Quartus Prime Version           ; 24.1std.0 Build 1077 03/04/2025 SC Lite Edition ;
; Revision Name                   ; Wave_Generator                                  ;
; Top-level Entity Name           ; sin_wave                                        ;
; Family                          ; Cyclone V                                       ;
; Logic utilization (in ALMs)     ; N/A                                             ;
; Total registers                 ; 44                                              ;
; Total pins                      ; 37                                              ;
; Total virtual pins              ; 0                                               ;
; Total block memory bits         ; 12,288                                          ;
; Total DSP Blocks                ; 0                                               ;
; Total HSSI RX PCSs              ; 0                                               ;
; Total HSSI PMA RX Deserializers ; 0                                               ;
; Total HSSI TX PCSs              ; 0                                               ;
; Total HSSI PMA TX Serializers   ; 0                                               ;
; Total PLLs                      ; 0                                               ;
; Total DLLs                      ; 0                                               ;
+---------------------------------+-------------------------------------------------+


+---------------------------------------------------------------------------------------------------------------------------+
; Analysis & Synthesis Settings                                                                                             ;
+---------------------------------------------------------------------------------+--------------------+--------------------+
; Option                                                                          ; Setting            ; Default Value      ;
+---------------------------------------------------------------------------------+--------------------+--------------------+
; Device                                                                          ; 5CSXFC6D6F31C6     ;                    ;
; Top-level entity name                                                           ; sin_wave           ; Wave_Generator     ;
; Family name                                                                     ; Cyclone V          ; Cyclone V          ;
; Use smart compilation                                                           ; Off                ; Off                ;
; Enable parallel Assembler and Timing Analyzer during compilation                ; On                 ; On                 ;
; Enable compact report table                                                     ; Off                ; Off                ;
; Restructure Multiplexers                                                        ; Auto               ; Auto               ;
; MLAB Add Timing Constraints For Mixed-Port Feed-Through Mode Setting Don't Care ; Off                ; Off                ;
; Create Debugging Nodes for IP Cores                                             ; Off                ; Off                ;
; Preserve fewer node names                                                       ; On                 ; On                 ;
; Intel FPGA IP Evaluation Mode                                                   ; Enable             ; Enable             ;
; Verilog Version                                                                 ; Verilog_2001       ; Verilog_2001       ;
; VHDL Version                                                                    ; VHDL_1993          ; VHDL_1993          ;
; State Machine Processing                                                        ; Auto               ; Auto               ;
; Safe State Machine                                                              ; Off                ; Off                ;
; Extract Verilog State Machines                                                  ; On                 ; On                 ;
; Extract VHDL State Machines                                                     ; On                 ; On                 ;
; Ignore Verilog initial constructs                                               ; Off                ; Off                ;
; Iteration limit for constant Verilog loops                                      ; 5000               ; 5000               ;
; Iteration limit for non-constant Verilog loops                                  ; 250                ; 250                ;
; Add Pass-Through Logic to Inferred RAMs                                         ; On                 ; On                 ;
; Infer RAMs from Raw Logic                                                       ; On                 ; On                 ;
; Parallel Synthesis                                                              ; On                 ; On                 ;
; DSP Block Balancing                                                             ; Auto               ; Auto               ;
; NOT Gate Push-Back                                                              ; On                 ; On                 ;
; Power-Up Don't Care                                                             ; On                 ; On                 ;
; Remove Redundant Logic Cells                                                    ; Off                ; Off                ;
; Remove Duplicate Registers                                                      ; On                 ; On                 ;
; Ignore CARRY Buffers                                                            ; Off                ; Off                ;
; Ignore CASCADE Buffers                                                          ; Off                ; Off                ;
; Ignore GLOBAL Buffers                                                           ; Off                ; Off                ;
; Ignore ROW GLOBAL Buffers                                                       ; Off                ; Off                ;
; Ignore LCELL Buffers                                                            ; Off                ; Off                ;
; Ignore SOFT Buffers                                                             ; On                 ; On                 ;
; Limit AHDL Integers to 32 Bits                                                  ; Off                ; Off                ;
; Optimization Technique                                                          ; Balanced           ; Balanced           ;
; Carry Chain Length                                                              ; 70                 ; 70                 ;
; Auto Carry Chains                                                               ; On                 ; On                 ;
; Auto Open-Drain Pins                                                            ; On                 ; On                 ;
; Perform WYSIWYG Primitive Resynthesis                                           ; Off                ; Off                ;
; Auto ROM Replacement                                                            ; On                 ; On                 ;
; Auto RAM Replacement                                                            ; On                 ; On                 ;
; Auto DSP Block Replacement                                                      ; On                 ; On                 ;
; Auto Shift Register Replacement                                                 ; Auto               ; Auto               ;
; Allow Shift Register Merging across Hierarchies                                 ; Auto               ; Auto               ;
; Auto Clock Enable Replacement                                                   ; On                 ; On                 ;
; Strict RAM Replacement                                                          ; Off                ; Off                ;
; Allow Synchronous Control Signals                                               ; On                 ; On                 ;
; Force Use of Synchronous Clear Signals                                          ; Off                ; Off                ;
; Auto Resource Sharing                                                           ; Off                ; Off                ;
; Allow Any RAM Size For Recognition                                              ; Off                ; Off                ;
; Allow Any ROM Size For Recognition                                              ; Off                ; Off                ;
; Allow Any Shift Register Size For Recognition                                   ; Off                ; Off                ;
; Use LogicLock Constraints during Resource Balancing                             ; On                 ; On                 ;
; Ignore translate_off and synthesis_off directives                               ; Off                ; Off                ;
; Timing-Driven Synthesis                                                         ; On                 ; On                 ;
; Report Parameter Settings                                                       ; On                 ; On                 ;
; Report Source Assignments                                                       ; On                 ; On                 ;
; Report Connectivity Checks                                                      ; On                 ; On                 ;
; Ignore Maximum Fan-Out Assignments                                              ; Off                ; Off                ;
; Synchronization Register Chain Length                                           ; 3                  ; 3                  ;
; Power Optimization During Synthesis                                             ; Normal compilation ; Normal compilation ;
; HDL message level                                                               ; Level2             ; Level2             ;
; Suppress Register Optimization Related Messages                                 ; Off                ; Off                ;
; Number of Removed Registers Reported in Synthesis Report                        ; 5000               ; 5000               ;
; Number of Swept Nodes Reported in Synthesis Report                              ; 5000               ; 5000               ;
; Number of Inverted Registers Reported in Synthesis Report                       ; 100                ; 100                ;
; Clock MUX Protection                                                            ; On                 ; On                 ;
; Auto Gated Clock Conversion                                                     ; Off                ; Off                ;
; Block Design Naming                                                             ; Auto               ; Auto               ;
; SDC constraint protection                                                       ; Off                ; Off                ;
; Synthesis Effort                                                                ; Auto               ; Auto               ;
; Shift Register Replacement - Allow Asynchronous Clear Signal                    ; On                 ; On                 ;
; Pre-Mapping Resynthesis Optimization                                            ; Off                ; Off                ;
; Analysis & Synthesis Message Level                                              ; Medium             ; Medium             ;
; Disable Register Merging Across Hierarchies                                     ; Auto               ; Auto               ;
; Resource Aware Inference For Block RAM                                          ; On                 ; On                 ;
; Automatic Parallel Synthesis                                                    ; On                 ; On                 ;
; Partial Reconfiguration Bitstream ID                                            ; Off                ; Off                ;
+---------------------------------------------------------------------------------+--------------------+--------------------+


+------------------------------------------+
; Parallel Compilation                     ;
+----------------------------+-------------+
; Processors                 ; Number      ;
+----------------------------+-------------+
; Number detected on machine ; 12          ;
; Maximum allowed            ; 6           ;
;                            ;             ;
; Average used               ; 1.00        ;
; Maximum used               ; 6           ;
;                            ;             ;
; Usage by Processor         ; % Time Used ;
;     Processor 1            ; 100.0%      ;
;     Processors 2-6         ;   0.0%      ;
+----------------------------+-------------+


+---------------------------------------------------------------------------------------------------------------------------------------------------------------------------------------------------------------------------+
; Analysis & Synthesis Source Files Read                                                                                                                                                                                    ;
+-------------------------------------------------+-----------------+-------------------------------------------------------+-------------------------------------------------------------------------------------+---------+
; File Name with User-Entered Path                ; Used in Netlist ; File Type                                             ; File Name with Absolute Path                                                        ; Library ;
+-------------------------------------------------+-----------------+-------------------------------------------------------+-------------------------------------------------------------------------------------+---------+
; src/phase_accumulator.v                         ; yes             ; User Verilog HDL File                                 ; E:/Project/Bach_Khoa/Wave_Generator/src/phase_accumulator.v                         ;         ;
; src/sin_lut.v                                   ; yes             ; User Verilog HDL File                                 ; E:/Project/Bach_Khoa/Wave_Generator/src/sin_lut.v                                   ;         ;
; src/full_sine_lut.v                             ; yes             ; User Verilog HDL File                                 ; E:/Project/Bach_Khoa/Wave_Generator/src/full_sine_lut.v                             ;         ;
; src/sin_wave.v                                  ; yes             ; User Verilog HDL File                                 ; E:/Project/Bach_Khoa/Wave_Generator/src/sin_wave.v                                  ;         ;
; data/sine_1024_2.hex                            ; yes             ; Auto-Found Hexadecimal (Intel-Format) File            ; E:/Project/Bach_Khoa/Wave_Generator/data/sine_1024_2.hex                            ;         ;
; altsyncram.tdf                                  ; yes             ; Megafunction                                          ; d:/app/quartus/quartus/libraries/megafunctions/altsyncram.tdf                       ;         ;
; stratix_ram_block.inc                           ; yes             ; Megafunction                                          ; d:/app/quartus/quartus/libraries/megafunctions/stratix_ram_block.inc                ;         ;
; lpm_mux.inc                                     ; yes             ; Megafunction                                          ; d:/app/quartus/quartus/libraries/megafunctions/lpm_mux.inc                          ;         ;
; lpm_decode.inc                                  ; yes             ; Megafunction                                          ; d:/app/quartus/quartus/libraries/megafunctions/lpm_decode.inc                       ;         ;
; aglobal241.inc                                  ; yes             ; Megafunction                                          ; d:/app/quartus/quartus/libraries/megafunctions/aglobal241.inc                       ;         ;
; a_rdenreg.inc                                   ; yes             ; Megafunction                                          ; d:/app/quartus/quartus/libraries/megafunctions/a_rdenreg.inc                        ;         ;
; altrom.inc                                      ; yes             ; Megafunction                                          ; d:/app/quartus/quartus/libraries/megafunctions/altrom.inc                           ;         ;
; altram.inc                                      ; yes             ; Megafunction                                          ; d:/app/quartus/quartus/libraries/megafunctions/altram.inc                           ;         ;
; altdpram.inc                                    ; yes             ; Megafunction                                          ; d:/app/quartus/quartus/libraries/megafunctions/altdpram.inc                         ;         ;
; db/altsyncram_qtd1.tdf                          ; yes             ; Auto-Generated Megafunction                           ; E:/Project/Bach_Khoa/Wave_Generator/db/altsyncram_qtd1.tdf                          ;         ;
; db/wave_generator.ram0_sin_lut_4402771f.hdl.mif ; yes             ; Auto-Generated Auto-Found Memory Initialization File  ; E:/Project/Bach_Khoa/Wave_Generator/db/wave_generator.ram0_sin_lut_4402771f.hdl.mif ;         ;
+-------------------------------------------------+-----------------+-------------------------------------------------------+-------------------------------------------------------------------------------------+---------+


+-----------------------------------------------------------+
; Analysis & Synthesis Resource Usage Summary               ;
+---------------------------------------------+-------------+
; Resource                                    ; Usage       ;
+---------------------------------------------+-------------+
; Estimate of Logic utilization (ALMs needed) ; 22          ;
;                                             ;             ;
; Combinational ALUT usage for logic          ; 24          ;
;     -- 7 input functions                    ; 0           ;
;     -- 6 input functions                    ; 0           ;
;     -- 5 input functions                    ; 0           ;
;     -- 4 input functions                    ; 0           ;
;     -- <=3 input functions                  ; 24          ;
;                                             ;             ;
; Dedicated logic registers                   ; 44          ;
;                                             ;             ;
; I/O pins                                    ; 37          ;
; Total MLAB memory bits                      ; 0           ;
; Total block memory bits                     ; 12288       ;
;                                             ;             ;
; Total DSP Blocks                            ; 0           ;
;                                             ;             ;
; Maximum fan-out node                        ; i_clk~input ;
; Maximum fan-out                             ; 56          ;
; Total fan-out                               ; 340         ;
; Average fan-out                             ; 2.21        ;
+---------------------------------------------+-------------+


+-------------------------------------------------------------------------------------------------------------------------------------------------------------------------------------------------------------------------------------------------------------------------------------------+
; Analysis & Synthesis Resource Utilization by Entity                                                                                                                                                                                                                                       ;
+----------------------------------------------+---------------------+---------------------------+-------------------+------------+------+--------------+------------------------------------------------------------------------------------------------+-------------------+--------------+
; Compilation Hierarchy Node                   ; Combinational ALUTs ; Dedicated Logic Registers ; Block Memory Bits ; DSP Blocks ; Pins ; Virtual Pins ; Full Hierarchy Name                                                                            ; Entity Name       ; Library Name ;
+----------------------------------------------+---------------------+---------------------------+-------------------+------------+------+--------------+------------------------------------------------------------------------------------------------+-------------------+--------------+
; |sin_wave                                    ; 24 (0)              ; 44 (0)                    ; 12288             ; 0          ; 37   ; 0            ; |sin_wave                                                                                      ; sin_wave          ; work         ;
;    |full_sine_lut:full1|                     ; 0 (0)               ; 10 (10)                   ; 12288             ; 0          ; 0    ; 0            ; |sin_wave|full_sine_lut:full1                                                                  ; full_sine_lut     ; work         ;
;       |sin_lut:lut1|                         ; 0 (0)               ; 0 (0)                     ; 12288             ; 0          ; 0    ; 0            ; |sin_wave|full_sine_lut:full1|sin_lut:lut1                                                     ; sin_lut           ; work         ;
;          |altsyncram:rom_rtl_0|              ; 0 (0)               ; 0 (0)                     ; 12288             ; 0          ; 0    ; 0            ; |sin_wave|full_sine_lut:full1|sin_lut:lut1|altsyncram:rom_rtl_0                                ; altsyncram        ; work         ;
;             |altsyncram_qtd1:auto_generated| ; 0 (0)               ; 0 (0)                     ; 12288             ; 0          ; 0    ; 0            ; |sin_wave|full_sine_lut:full1|sin_lut:lut1|altsyncram:rom_rtl_0|altsyncram_qtd1:auto_generated ; altsyncram_qtd1   ; work         ;
;    |phase_accumulator:phase1|                ; 24 (24)             ; 34 (34)                   ; 0                 ; 0          ; 0    ; 0            ; |sin_wave|phase_accumulator:phase1                                                             ; phase_accumulator ; work         ;
+----------------------------------------------+---------------------+---------------------------+-------------------+------------+------+--------------+------------------------------------------------------------------------------------------------+-------------------+--------------+
Note: For table entries with two numbers listed, the numbers in parentheses indicate the number of resources of the given type used by the specific entity alone. The numbers listed outside of parentheses indicate the total resources of the given type used by the specific entity and all of its sub-entities in the hierarchy.


+-------------------------------------------------------------------------------------------------------------------------------------------------------------------------------------------------------------------------------------+
; Analysis & Synthesis RAM Summary                                                                                                                                                                                                    ;
+-------------------------------------------------------------------------------------------------+------+------+--------------+--------------+--------------+--------------+-------+-------------------------------------------------+
; Name                                                                                            ; Type ; Mode ; Port A Depth ; Port A Width ; Port B Depth ; Port B Width ; Size  ; MIF                                             ;
+-------------------------------------------------------------------------------------------------+------+------+--------------+--------------+--------------+--------------+-------+-------------------------------------------------+
; full_sine_lut:full1|sin_lut:lut1|altsyncram:rom_rtl_0|altsyncram_qtd1:auto_generated|ALTSYNCRAM ; AUTO ; ROM  ; 1024         ; 12           ; --           ; --           ; 12288 ; db/Wave_Generator.ram0_sin_lut_4402771f.hdl.mif ;
+-------------------------------------------------------------------------------------------------+------+------+--------------+--------------+--------------+--------------+-------+-------------------------------------------------+


+------------------------------------------------------+
; General Register Statistics                          ;
+----------------------------------------------+-------+
; Statistic                                    ; Value ;
+----------------------------------------------+-------+
; Total registers                              ; 44    ;
; Number of registers using Synchronous Clear  ; 0     ;
; Number of registers using Synchronous Load   ; 0     ;
; Number of registers using Asynchronous Clear ; 0     ;
; Number of registers using Asynchronous Load  ; 0     ;
; Number of registers using Clock Enable       ; 0     ;
; Number of registers using Preset             ; 0     ;
+----------------------------------------------+-------+


+----------------------------------------------------------------------------------------------------+
; Registers Packed Into Inferred Megafunctions                                                       ;
+------------------------------------------------+--------------------------------------------+------+
; Register Name                                  ; Megafunction                               ; Type ;
+------------------------------------------------+--------------------------------------------+------+
; full_sine_lut:full1|sin_lut:lut1|o_data[0..11] ; full_sine_lut:full1|sin_lut:lut1|rom_rtl_0 ; RAM  ;
+------------------------------------------------+--------------------------------------------+------+


+-------------------------------------------------------------------------------------------------------------+
; Source assignments for full_sine_lut:full1|sin_lut:lut1|altsyncram:rom_rtl_0|altsyncram_qtd1:auto_generated ;
+---------------------------------+--------------------+------+-----------------------------------------------+
; Assignment                      ; Value              ; From ; To                                            ;
+---------------------------------+--------------------+------+-----------------------------------------------+
; OPTIMIZE_POWER_DURING_SYNTHESIS ; NORMAL_COMPILATION ; -    ; -                                             ;
+---------------------------------+--------------------+------+-----------------------------------------------+


+--------------------------------------------------------------------------------------------------------+
; Parameter Settings for Inferred Entity Instance: full_sine_lut:full1|sin_lut:lut1|altsyncram:rom_rtl_0 ;
+------------------------------------+-------------------------------------------------+-----------------+
; Parameter Name                     ; Value                                           ; Type            ;
+------------------------------------+-------------------------------------------------+-----------------+
; BYTE_SIZE_BLOCK                    ; 8                                               ; Untyped         ;
; AUTO_CARRY_CHAINS                  ; ON                                              ; AUTO_CARRY      ;
; IGNORE_CARRY_BUFFERS               ; OFF                                             ; IGNORE_CARRY    ;
; AUTO_CASCADE_CHAINS                ; ON                                              ; AUTO_CASCADE    ;
; IGNORE_CASCADE_BUFFERS             ; OFF                                             ; IGNORE_CASCADE  ;
; WIDTH_BYTEENA                      ; 1                                               ; Untyped         ;
; OPERATION_MODE                     ; ROM                                             ; Untyped         ;
; WIDTH_A                            ; 12                                              ; Untyped         ;
; WIDTHAD_A                          ; 10                                              ; Untyped         ;
; NUMWORDS_A                         ; 1024                                            ; Untyped         ;
; OUTDATA_REG_A                      ; UNREGISTERED                                    ; Untyped         ;
; ADDRESS_ACLR_A                     ; NONE                                            ; Untyped         ;
; OUTDATA_ACLR_A                     ; NONE                                            ; Untyped         ;
; WRCONTROL_ACLR_A                   ; NONE                                            ; Untyped         ;
; INDATA_ACLR_A                      ; NONE                                            ; Untyped         ;
; BYTEENA_ACLR_A                     ; NONE                                            ; Untyped         ;
; WIDTH_B                            ; 1                                               ; Untyped         ;
; WIDTHAD_B                          ; 1                                               ; Untyped         ;
; NUMWORDS_B                         ; 1                                               ; Untyped         ;
; INDATA_REG_B                       ; CLOCK1                                          ; Untyped         ;
; WRCONTROL_WRADDRESS_REG_B          ; CLOCK1                                          ; Untyped         ;
; RDCONTROL_REG_B                    ; CLOCK1                                          ; Untyped         ;
; ADDRESS_REG_B                      ; CLOCK1                                          ; Untyped         ;
; OUTDATA_REG_B                      ; UNREGISTERED                                    ; Untyped         ;
; BYTEENA_REG_B                      ; CLOCK1                                          ; Untyped         ;
; INDATA_ACLR_B                      ; NONE                                            ; Untyped         ;
; WRCONTROL_ACLR_B                   ; NONE                                            ; Untyped         ;
; ADDRESS_ACLR_B                     ; NONE                                            ; Untyped         ;
; OUTDATA_ACLR_B                     ; NONE                                            ; Untyped         ;
; RDCONTROL_ACLR_B                   ; NONE                                            ; Untyped         ;
; BYTEENA_ACLR_B                     ; NONE                                            ; Untyped         ;
; WIDTH_BYTEENA_A                    ; 1                                               ; Untyped         ;
; WIDTH_BYTEENA_B                    ; 1                                               ; Untyped         ;
; RAM_BLOCK_TYPE                     ; AUTO                                            ; Untyped         ;
; BYTE_SIZE                          ; 8                                               ; Untyped         ;
; READ_DURING_WRITE_MODE_MIXED_PORTS ; DONT_CARE                                       ; Untyped         ;
; READ_DURING_WRITE_MODE_PORT_A      ; NEW_DATA_NO_NBE_READ                            ; Untyped         ;
; READ_DURING_WRITE_MODE_PORT_B      ; NEW_DATA_NO_NBE_READ                            ; Untyped         ;
; INIT_FILE                          ; db/Wave_Generator.ram0_sin_lut_4402771f.hdl.mif ; Untyped         ;
; INIT_FILE_LAYOUT                   ; PORT_A                                          ; Untyped         ;
; MAXIMUM_DEPTH                      ; 0                                               ; Untyped         ;
; CLOCK_ENABLE_INPUT_A               ; NORMAL                                          ; Untyped         ;
; CLOCK_ENABLE_INPUT_B               ; NORMAL                                          ; Untyped         ;
; CLOCK_ENABLE_OUTPUT_A              ; NORMAL                                          ; Untyped         ;
; CLOCK_ENABLE_OUTPUT_B              ; NORMAL                                          ; Untyped         ;
; CLOCK_ENABLE_CORE_A                ; USE_INPUT_CLKEN                                 ; Untyped         ;
; CLOCK_ENABLE_CORE_B                ; USE_INPUT_CLKEN                                 ; Untyped         ;
; ENABLE_ECC                         ; FALSE                                           ; Untyped         ;
; ECC_PIPELINE_STAGE_ENABLED         ; FALSE                                           ; Untyped         ;
; WIDTH_ECCSTATUS                    ; 3                                               ; Untyped         ;
; DEVICE_FAMILY                      ; Cyclone V                                       ; Untyped         ;
; CBXI_PARAMETER                     ; altsyncram_qtd1                                 ; Untyped         ;
+------------------------------------+-------------------------------------------------+-----------------+
Note: In order to hide this table in the UI and the text report file, please set the "Show Parameter Settings in Synthesis Report" option in "Analysis and Synthesis Settings -> More Settings" to "Off".


+---------------------------------------------------------------------------------------------------+
; altsyncram Parameter Settings by Entity Instance                                                  ;
+-------------------------------------------+-------------------------------------------------------+
; Name                                      ; Value                                                 ;
+-------------------------------------------+-------------------------------------------------------+
; Number of entity instances                ; 1                                                     ;
; Entity Instance                           ; full_sine_lut:full1|sin_lut:lut1|altsyncram:rom_rtl_0 ;
;     -- OPERATION_MODE                     ; ROM                                                   ;
;     -- WIDTH_A                            ; 12                                                    ;
;     -- NUMWORDS_A                         ; 1024                                                  ;
;     -- OUTDATA_REG_A                      ; UNREGISTERED                                          ;
;     -- WIDTH_B                            ; 1                                                     ;
;     -- NUMWORDS_B                         ; 1                                                     ;
;     -- ADDRESS_REG_B                      ; CLOCK1                                                ;
;     -- OUTDATA_REG_B                      ; UNREGISTERED                                          ;
;     -- RAM_BLOCK_TYPE                     ; AUTO                                                  ;
;     -- READ_DURING_WRITE_MODE_MIXED_PORTS ; DONT_CARE                                             ;
+-------------------------------------------+-------------------------------------------------------+


+-------------------------------------------------------------------------------------------------------------------------+
; Port Connectivity Checks: "phase_accumulator:phase1"                                                                    ;
+---------------+--------+----------+-------------------------------------------------------------------------------------+
; Port          ; Type   ; Severity ; Details                                                                             ;
+---------------+--------+----------+-------------------------------------------------------------------------------------+
; o_data[13..0] ; Output ; Info     ; Connected to dangling logic. Logic that only feeds a dangling port will be removed. ;
+---------------+--------+----------+-------------------------------------------------------------------------------------+


+------------------------------------------------------------------------------------------------------------------------------------------------------------------------------+
; Port Connectivity Checks: "full_sine_lut:full1"                                                                                                                              ;
+-------+-------+----------+---------------------------------------------------------------------------------------------------------------------------------------------------+
; Port  ; Type  ; Severity ; Details                                                                                                                                           ;
+-------+-------+----------+---------------------------------------------------------------------------------------------------------------------------------------------------+
; i_add ; Input ; Warning  ; Input port expression (10 bits) is smaller than the input port (12 bits) it drives.  Extra input bit(s) "i_add[11..10]" will be connected to GND. ;
+-------+-------+----------+---------------------------------------------------------------------------------------------------------------------------------------------------+


+-----------------------------------------------------+
; Post-Synthesis Netlist Statistics for Top Partition ;
+-----------------------+-----------------------------+
; Type                  ; Count                       ;
+-----------------------+-----------------------------+
; arriav_ff             ; 44                          ;
;     plain             ; 44                          ;
; arriav_lcell_comb     ; 24                          ;
;     arith             ; 24                          ;
;         2 data inputs ; 24                          ;
; boundary_port         ; 37                          ;
; stratixv_ram_block    ; 12                          ;
;                       ;                             ;
; Max LUT depth         ; 3.30                        ;
; Average LUT depth     ; 1.80                        ;
+-----------------------+-----------------------------+


+-------------------------------+
; Elapsed Time Per Partition    ;
+----------------+--------------+
; Partition Name ; Elapsed Time ;
+----------------+--------------+
; Top            ; 00:00:00     ;
+----------------+--------------+


+-------------------------------+
; Analysis & Synthesis Messages ;
+-------------------------------+
Info: *******************************************************************
Info: Running Quartus Prime Analysis & Synthesis
    Info: Version 24.1std.0 Build 1077 03/04/2025 SC Lite Edition
    Info: Processing started: Tue Sep 16 11:11:02 2025
Info: Command: quartus_map --read_settings_files=on --write_settings_files=off Wave_Generator -c Wave_Generator
Warning (18236): Number of processors has not been specified which may cause overloading on shared machines.  Set the global assignment NUM_PARALLEL_PROCESSORS in your QSF to an appropriate value for best performance.
Info (20030): Parallel compilation is enabled and will use 6 of the 6 processors detected
Info (12021): Found 1 design units, including 1 entities, in source file src/phase_accumulator.v
    Info (12023): Found entity 1: phase_accumulator File: E:/Project/Bach_Khoa/Wave_Generator/src/phase_accumulator.v Line: 1
Info (12021): Found 1 design units, including 1 entities, in source file src/sin_lut.v
    Info (12023): Found entity 1: sin_lut File: E:/Project/Bach_Khoa/Wave_Generator/src/sin_lut.v Line: 1
Info (12021): Found 1 design units, including 1 entities, in source file src/full_sine_lut.v
    Info (12023): Found entity 1: full_sine_lut File: E:/Project/Bach_Khoa/Wave_Generator/src/full_sine_lut.v Line: 1
Info (12021): Found 1 design units, including 1 entities, in source file src/sin_wave.v
    Info (12023): Found entity 1: sin_wave File: E:/Project/Bach_Khoa/Wave_Generator/src/sin_wave.v Line: 1
Info (12021): Found 1 design units, including 1 entities, in source file sim/wave_sin_tb.v
    Info (12023): Found entity 1: wave_sin_tb File: E:/Project/Bach_Khoa/Wave_Generator/sim/wave_sin_tb.v Line: 2
Info (12021): Found 1 design units, including 1 entities, in source file src/square_lut.v
    Info (12023): Found entity 1: square_lut File: E:/Project/Bach_Khoa/Wave_Generator/src/square_lut.v Line: 1
Info (12021): Found 1 design units, including 1 entities, in source file src/full_square_lut.v
    Info (12023): Found entity 1: full_square_lut File: E:/Project/Bach_Khoa/Wave_Generator/src/full_square_lut.v Line: 1
Info (12021): Found 1 design units, including 1 entities, in source file src/square_wave.v
    Info (12023): Found entity 1: square_wave File: E:/Project/Bach_Khoa/Wave_Generator/src/square_wave.v Line: 1
Info (12021): Found 1 design units, including 1 entities, in source file sim/wave_square_tb.v
    Info (12023): Found entity 1: wave_square_tb File: E:/Project/Bach_Khoa/Wave_Generator/sim/wave_square_tb.v Line: 2
Info (12021): Found 1 design units, including 1 entities, in source file sim/phase_tb.v
    Info (12023): Found entity 1: phase_tb File: E:/Project/Bach_Khoa/Wave_Generator/sim/phase_tb.v Line: 2
Warning (12019): Can't analyze file -- file sim/sull_sine_lut_tb.v is missing
Info (12127): Elaborating entity "sin_wave" for the top level hierarchy
Info (12128): Elaborating entity "full_sine_lut" for hierarchy "full_sine_lut:full1" File: E:/Project/Bach_Khoa/Wave_Generator/src/sin_wave.v Line: 10
Info (12128): Elaborating entity "sin_lut" for hierarchy "full_sine_lut:full1|sin_lut:lut1" File: E:/Project/Bach_Khoa/Wave_Generator/src/full_sine_lut.v Line: 9
Warning (10030): Net "rom.data_a" at sin_lut.v(8) has no driver or initial value, using a default initial value '0' File: E:/Project/Bach_Khoa/Wave_Generator/src/sin_lut.v Line: 8
Warning (10030): Net "rom.waddr_a" at sin_lut.v(8) has no driver or initial value, using a default initial value '0' File: E:/Project/Bach_Khoa/Wave_Generator/src/sin_lut.v Line: 8
Warning (10030): Net "rom.we_a" at sin_lut.v(8) has no driver or initial value, using a default initial value '0' File: E:/Project/Bach_Khoa/Wave_Generator/src/sin_lut.v Line: 8
Info (12128): Elaborating entity "phase_accumulator" for hierarchy "phase_accumulator:phase1" File: E:/Project/Bach_Khoa/Wave_Generator/src/sin_wave.v Line: 11
Info (19000): Inferred 1 megafunctions from design logic
    Info (276029): Inferred altsyncram megafunction from the following design logic: "full_sine_lut:full1|sin_lut:lut1|rom_rtl_0" 
        Info (286033): Parameter OPERATION_MODE set to ROM
        Info (286033): Parameter WIDTH_A set to 12
        Info (286033): Parameter WIDTHAD_A set to 10
        Info (286033): Parameter NUMWORDS_A set to 1024
        Info (286033): Parameter OUTDATA_REG_A set to UNREGISTERED
        Info (286033): Parameter ADDRESS_ACLR_A set to NONE
        Info (286033): Parameter OUTDATA_ACLR_A set to NONE
        Info (286033): Parameter INDATA_ACLR_A set to NONE
        Info (286033): Parameter WRCONTROL_ACLR_A set to NONE
        Info (286033): Parameter INIT_FILE set to db/Wave_Generator.ram0_sin_lut_4402771f.hdl.mif
Info (12130): Elaborated megafunction instantiation "full_sine_lut:full1|sin_lut:lut1|altsyncram:rom_rtl_0"
Info (12133): Instantiated megafunction "full_sine_lut:full1|sin_lut:lut1|altsyncram:rom_rtl_0" with the following parameter:
    Info (12134): Parameter "OPERATION_MODE" = "ROM"
    Info (12134): Parameter "WIDTH_A" = "12"
    Info (12134): Parameter "WIDTHAD_A" = "10"
    Info (12134): Parameter "NUMWORDS_A" = "1024"
    Info (12134): Parameter "OUTDATA_REG_A" = "UNREGISTERED"
    Info (12134): Parameter "ADDRESS_ACLR_A" = "NONE"
    Info (12134): Parameter "OUTDATA_ACLR_A" = "NONE"
    Info (12134): Parameter "INDATA_ACLR_A" = "NONE"
    Info (12134): Parameter "WRCONTROL_ACLR_A" = "NONE"
    Info (12134): Parameter "INIT_FILE" = "db/Wave_Generator.ram0_sin_lut_4402771f.hdl.mif"
Info (12021): Found 1 design units, including 1 entities, in source file db/altsyncram_qtd1.tdf
    Info (12023): Found entity 1: altsyncram_qtd1 File: E:/Project/Bach_Khoa/Wave_Generator/db/altsyncram_qtd1.tdf Line: 28
Warning (12241): 1 hierarchies have connectivity warnings - see the Connectivity Checks report folder
Info (286030): Timing-Driven Synthesis is running
Info (16010): Generating hard_block partition "hard_block:auto_generated_inst"
    Info (16011): Adding 0 node(s), including 0 DDIO, 0 PLL, 0 transceiver and 0 LCELL
Info (21057): Implemented 93 device resources after synthesis - the final resource count might be different
    Info (21058): Implemented 25 input pins
    Info (21059): Implemented 12 output pins
    Info (21061): Implemented 44 logic cells
    Info (21064): Implemented 12 RAM segments
Info: Quartus Prime Analysis & Synthesis was successful. 0 errors, 6 warnings
    Info: Peak virtual memory: 4864 megabytes
    Info: Processing ended: Tue Sep 16 11:11:09 2025
    Info: Elapsed time: 00:00:07
    Info: Total CPU time (on all processors): 00:00:16


